<testsuites id="" name="" tests="2" failures="0" skipped="0" errors="0" time="3.898624">
<testsuite name="signup-admin.spec.ts" timestamp="2025-12-29T17:31:39.010Z" hostname="chromium" tests="2" failures="0" skipped="0" time="2.844" errors="0">
<testcase name="admin can login, create blog post, and read metrics" classname="signup-admin.spec.ts" time="1.282">
</testcase>
<testcase name="signup flow and related posts are visible" classname="signup-admin.spec.ts" time="1.562">
</testcase>
</testsuite>
</testsuites>